[debug] [2021-10-14T06:02:20.782Z] ----------------------------------------------------------------------
[debug] [2021-10-14T06:02:20.783Z] Command:       C:\Program Files\nodejs\node.exe C:\Users\trevo\AppData\Roaming\npm\node_modules\firebase-tools\lib\bin\firebase.js serve
[debug] [2021-10-14T06:02:20.783Z] CLI Version:   9.20.0
[debug] [2021-10-14T06:02:20.784Z] Platform:      win32
[debug] [2021-10-14T06:02:20.784Z] Node Version:  v14.17.5
[debug] [2021-10-14T06:02:20.784Z] Time:          Wed Oct 13 2021 23:02:20 GMT-0700 (Pacific Daylight Time)
[debug] [2021-10-14T06:02:20.784Z] ----------------------------------------------------------------------
[debug] 
[debug] [2021-10-14T06:02:20.817Z] > command requires scopes: ["email","openid","https://www.googleapis.com/auth/cloudplatformprojects.readonly","https://www.googleapis.com/auth/firebase","https://www.googleapis.com/auth/cloud-platform"]
[debug] [2021-10-14T06:02:20.818Z] > authorizing via signed-in user (trevorbriggsjackson@gmail.com)
[debug] [2021-10-14T06:02:20.818Z] [iam] checking project tbjnxt for permissions ["firebase.projects.get"]
[debug] [2021-10-14T06:02:20.819Z] > refreshing access token with scopes: ["email","https://www.googleapis.com/auth/cloud-platform","https://www.googleapis.com/auth/cloudplatformprojects.readonly","https://www.googleapis.com/auth/firebase","openid"]
[debug] [2021-10-14T06:02:20.819Z] >>> HTTP REQUEST POST https://www.googleapis.com/oauth2/v3/token  
 <request body omitted>
[debug] [2021-10-14T06:02:20.903Z] <<< HTTP RESPONSE 200 {"cache-control":"no-cache, no-store, max-age=0, must-revalidate","date":"Thu, 14 Oct 2021 06:02:20 GMT","pragma":"no-cache","expires":"Mon, 01 Jan 1990 00:00:00 GMT","content-type":"application/json; charset=utf-8","vary":"X-Origin, Referer, Origin,Accept-Encoding","server":"scaffolding on HTTPServer2","x-xss-protection":"0","x-frame-options":"SAMEORIGIN","x-content-type-options":"nosniff","alt-svc":"h3=\":443\"; ma=2592000,h3-29=\":443\"; ma=2592000,h3-T051=\":443\"; ma=2592000,h3-Q050=\":443\"; ma=2592000,h3-Q046=\":443\"; ma=2592000,h3-Q043=\":443\"; ma=2592000,quic=\":443\"; ma=2592000; v=\"46,43\"","accept-ranges":"none","transfer-encoding":"chunked"}
[debug] [2021-10-14T06:02:20.908Z] >>> HTTP REQUEST POST https://cloudresourcemanager.googleapis.com/v1/projects/tbjnxt:testIamPermissions  
 {"permissions":["firebase.projects.get"]}
[debug] [2021-10-14T06:02:21.044Z] <<< HTTP RESPONSE 200 {"content-type":"application/json; charset=UTF-8","vary":"X-Origin, Referer, Origin,Accept-Encoding","date":"Thu, 14 Oct 2021 06:02:21 GMT","server":"ESF","cache-control":"private","x-xss-protection":"0","x-frame-options":"SAMEORIGIN","x-content-type-options":"nosniff","server-timing":"gfet4t7; dur=40","alt-svc":"h3=\":443\"; ma=2592000,h3-29=\":443\"; ma=2592000,h3-T051=\":443\"; ma=2592000,h3-Q050=\":443\"; ma=2592000,h3-Q046=\":443\"; ma=2592000,h3-Q043=\":443\"; ma=2592000,quic=\":443\"; ma=2592000; v=\"46,43\"","accept-ranges":"none","transfer-encoding":"chunked"}
[debug] [2021-10-14T06:02:21.045Z] > refreshing access token with scopes: []
[debug] [2021-10-14T06:02:21.045Z] >>> HTTP REQUEST POST https://www.googleapis.com/oauth2/v3/token  
 <request body omitted>
[debug] [2021-10-14T06:02:21.112Z] <<< HTTP RESPONSE 200 {"cache-control":"no-cache, no-store, max-age=0, must-revalidate","expires":"Mon, 01 Jan 1990 00:00:00 GMT","date":"Thu, 14 Oct 2021 06:02:21 GMT","pragma":"no-cache","content-type":"application/json; charset=utf-8","vary":"X-Origin, Referer, Origin,Accept-Encoding","server":"scaffolding on HTTPServer2","x-xss-protection":"0","x-frame-options":"SAMEORIGIN","x-content-type-options":"nosniff","alt-svc":"h3=\":443\"; ma=2592000,h3-29=\":443\"; ma=2592000,h3-T051=\":443\"; ma=2592000,h3-Q050=\":443\"; ma=2592000,h3-Q046=\":443\"; ma=2592000,h3-Q043=\":443\"; ma=2592000,quic=\":443\"; ma=2592000; v=\"46,43\"","accept-ranges":"none","transfer-encoding":"chunked"}
[debug] [2021-10-14T06:02:21.122Z] >>> [apiv2][query] GET https://firebase.googleapis.com/v1beta1/projects/tbjnxt [none]
[debug] [2021-10-14T06:02:21.294Z] <<< [apiv2][status] GET https://firebase.googleapis.com/v1beta1/projects/tbjnxt 200
[debug] [2021-10-14T06:02:21.295Z] <<< [apiv2][body] GET https://firebase.googleapis.com/v1beta1/projects/tbjnxt {"projectId":"tbjnxt","projectNumber":"550012995289","displayName":"TBJNXT","name":"projects/tbjnxt","resources":{"hostingSite":"tbjnxt","realtimeDatabaseInstance":"tbjnxt-default-rtdb","storageBucket":"tbjnxt.appspot.com","locationId":"us-central"},"state":"ACTIVE"}
[info] 
[info] === Serving from 'C:\Users\trevo\Documents\GitHub\firebaseui-web-react\dist\friendlyeats-web'...
[info] 
[debug] [2021-10-14T06:02:21.298Z] >>> [apiv2][query] GET https://firebasehosting.googleapis.com/v1beta1/projects/tbjnxt/sites 
[info] +  functions: Using node@14 from host. {"metadata":{"emulator":{"name":"functions"},"message":"Using node@14 from host."}}
[debug] [2021-10-14T06:02:21.304Z] defaultcredentials: writing to file C:\Users\trevo\AppData\Roaming\firebase\trevorbriggsjackson_gmail_com_application_default_credentials.json
[debug] [2021-10-14T06:02:21.305Z] Setting GAC to C:\Users\trevo\AppData\Roaming\firebase\trevorbriggsjackson_gmail_com_application_default_credentials.json {"metadata":{"emulator":{"name":"functions"},"message":"Setting GAC to C:\\Users\\trevo\\AppData\\Roaming\\firebase\\trevorbriggsjackson_gmail_com_application_default_credentials.json"}}
[debug] [2021-10-14T06:02:21.305Z] >>> [apiv2][query] GET https://firebase.googleapis.com/v1beta1/projects/tbjnxt/adminSdkConfig [none]
[debug] [2021-10-14T06:02:21.517Z] <<< [apiv2][status] GET https://firebase.googleapis.com/v1beta1/projects/tbjnxt/adminSdkConfig 200
[debug] [2021-10-14T06:02:21.517Z] <<< [apiv2][body] GET https://firebase.googleapis.com/v1beta1/projects/tbjnxt/adminSdkConfig {"projectId":"tbjnxt","databaseURL":"https://tbjnxt-default-rtdb.firebaseio.com","storageBucket":"tbjnxt.appspot.com","locationId":"us-central"}
[debug] [2021-10-14T06:02:21.713Z] <<< [apiv2][status] GET https://firebasehosting.googleapis.com/v1beta1/projects/tbjnxt/sites 200
[debug] [2021-10-14T06:02:21.713Z] <<< [apiv2][body] GET https://firebasehosting.googleapis.com/v1beta1/projects/tbjnxt/sites {"sites":[{"name":"projects/550012995289/sites/tbjnxt","defaultUrl":"https://tbjnxt.web.app","appId":"1:550012995289:web:cede548e3fd439bfba60c8","type":"DEFAULT_SITE"}]}
[debug] [2021-10-14T06:02:21.713Z] >>> [apiv2][query] GET https://firebase.googleapis.com/v1beta1/projects/tbjnxt/webApps/1:550012995289:web:cede548e3fd439bfba60c8/config [none]
[debug] [2021-10-14T06:02:22.130Z] <<< [apiv2][status] GET https://firebase.googleapis.com/v1beta1/projects/tbjnxt/webApps/1:550012995289:web:cede548e3fd439bfba60c8/config 200
[debug] [2021-10-14T06:02:22.130Z] <<< [apiv2][body] GET https://firebase.googleapis.com/v1beta1/projects/tbjnxt/webApps/1:550012995289:web:cede548e3fd439bfba60c8/config {"projectId":"tbjnxt","appId":"1:550012995289:web:cede548e3fd439bfba60c8","databaseURL":"https://tbjnxt-default-rtdb.firebaseio.com","storageBucket":"tbjnxt.appspot.com","locationId":"us-central","apiKey":"AIzaSyA6Ah5hKD4_2LO7Z-TLYbS0t8XDbNuqZOg","authDomain":"tbjnxt.firebaseapp.com","messagingSenderId":"550012995289","measurementId":"G-4CJQSZ68R4"}
[info] i  functions: Watching "C:\Users\trevo\Documents\GitHub\firebaseui-web-react\dist\friendlyeats-web\functions" for Cloud Functions... {"metadata":{"emulator":{"name":"functions"},"message":"Watching \"C:\\Users\\trevo\\Documents\\GitHub\\firebaseui-web-react\\dist\\friendlyeats-web\\functions\" for Cloud Functions..."}}
[debug] [2021-10-14T06:02:22.149Z] [worker-pool] addWorker(~diagnostic~) {"metadata":{"emulator":{"name":"functions"},"message":"[worker-pool] addWorker(~diagnostic~)"}}
[debug] [2021-10-14T06:02:22.150Z] [worker-pool] Adding worker with key ~diagnostic~, total=1 {"metadata":{"emulator":{"name":"functions"},"message":"[worker-pool] Adding worker with key ~diagnostic~, total=1"}}
[debug] [2021-10-14T06:02:22.150Z] [worker-pool] submitWork(triggerId=) {"metadata":{"emulator":{"name":"functions"},"message":"[worker-pool] submitWork(triggerId=)"}}
[debug] [2021-10-14T06:02:22.150Z] [worker-~diagnostic~-b18f851b-8ca1-4ae4-b923-f5092221961c]: Assigning socketPath: \\?\pipe\C:\Users\trevo\Documents\GitHub\firebaseui-web-react\dist\friendlyeats-web\functions\8804 {"metadata":{"emulator":{"name":"functions"},"message":"[worker-~diagnostic~-b18f851b-8ca1-4ae4-b923-f5092221961c]: Assigning socketPath: \\\\?\\pipe\\C:\\Users\\trevo\\Documents\\GitHub\\firebaseui-web-react\\dist\\friendlyeats-web\\functions\\8804"}}
[debug] [2021-10-14T06:02:22.150Z] [worker-~diagnostic~-b18f851b-8ca1-4ae4-b923-f5092221961c]: BUSY {"metadata":{"emulator":{"name":"functions"},"message":"[worker-~diagnostic~-b18f851b-8ca1-4ae4-b923-f5092221961c]: BUSY"}}
[info] i  hosting: Serving hosting files from: tbjdotllc/root {"metadata":{"emulator":{"name":"hosting"},"message":"Serving hosting files from: \u001b[1mtbjdotllc/root\u001b[22m"}}
[info] +  hosting: Local server: http://localhost:5000 {"metadata":{"emulator":{"name":"hosting"},"message":"Local server: \u001b[4m\u001b[1mhttp://localhost:5000\u001b[22m\u001b[24m"}}
[debug] [2021-10-14T06:02:22.275Z] [runtime-status] [8804] Functions runtime initialized. {"cwd":"C:\\Users\\trevo\\Documents\\GitHub\\firebaseui-web-react\\dist\\friendlyeats-web\\functions","node_version":"14.17.5"} {"metadata":{"emulator":{"name":"functions"},"message":"[runtime-status] [8804] Functions runtime initialized. {\"cwd\":\"C:\\\\Users\\\\trevo\\\\Documents\\\\GitHub\\\\firebaseui-web-react\\\\dist\\\\friendlyeats-web\\\\functions\",\"node_version\":\"14.17.5\"}"}}
[debug] [2021-10-14T06:02:22.276Z] [runtime-status] [8804] Disabled runtime features: undefined {"metadata":{"emulator":{"name":"functions"},"message":"[runtime-status] [8804] Disabled runtime features: undefined"}}
[debug] [2021-10-14T06:02:22.278Z] [runtime-status] [8804] Resolved module firebase-admin {"declared":true,"installed":true,"version":"9.12.0","resolution":"C:\\Users\\trevo\\Documents\\GitHub\\firebaseui-web-react\\dist\\friendlyeats-web\\functions\\node_modules\\firebase-admin\\lib\\index.js"} {"metadata":{"emulator":{"name":"functions"},"message":"[runtime-status] [8804] Resolved module firebase-admin {\"declared\":true,\"installed\":true,\"version\":\"9.12.0\",\"resolution\":\"C:\\\\Users\\\\trevo\\\\Documents\\\\GitHub\\\\firebaseui-web-react\\\\dist\\\\friendlyeats-web\\\\functions\\\\node_modules\\\\firebase-admin\\\\lib\\\\index.js\"}"}}
[debug] [2021-10-14T06:02:22.280Z] [runtime-status] [8804] Resolved module firebase-functions {"declared":true,"installed":true,"version":"3.15.7","resolution":"C:\\Users\\trevo\\Documents\\GitHub\\firebaseui-web-react\\dist\\friendlyeats-web\\functions\\node_modules\\firebase-functions\\lib\\index.js"} {"metadata":{"emulator":{"name":"functions"},"message":"[runtime-status] [8804] Resolved module firebase-functions {\"declared\":true,\"installed\":true,\"version\":\"3.15.7\",\"resolution\":\"C:\\\\Users\\\\trevo\\\\Documents\\\\GitHub\\\\firebaseui-web-react\\\\dist\\\\friendlyeats-web\\\\functions\\\\node_modules\\\\firebase-functions\\\\lib\\\\index.js\"}"}}
[debug] [2021-10-14T06:02:22.281Z] [runtime-status] [8804] Outgoing network have been stubbed. [{"name":"http","status":"mocked"},{"name":"http","status":"mocked"},{"name":"https","status":"mocked"},{"name":"https","status":"mocked"},{"name":"net","status":"mocked"}] {"metadata":{"emulator":{"name":"functions"},"message":"[runtime-status] [8804] Outgoing network have been stubbed. [{\"name\":\"http\",\"status\":\"mocked\"},{\"name\":\"http\",\"status\":\"mocked\"},{\"name\":\"https\",\"status\":\"mocked\"},{\"name\":\"https\",\"status\":\"mocked\"},{\"name\":\"net\",\"status\":\"mocked\"}]"}}
[debug] [2021-10-14T06:02:22.282Z] [runtime-status] [8804] Resolved module firebase-functions {"declared":true,"installed":true,"version":"3.15.7","resolution":"C:\\Users\\trevo\\Documents\\GitHub\\firebaseui-web-react\\dist\\friendlyeats-web\\functions\\node_modules\\firebase-functions\\lib\\index.js"} {"metadata":{"emulator":{"name":"functions"},"message":"[runtime-status] [8804] Resolved module firebase-functions {\"declared\":true,\"installed\":true,\"version\":\"3.15.7\",\"resolution\":\"C:\\\\Users\\\\trevo\\\\Documents\\\\GitHub\\\\firebaseui-web-react\\\\dist\\\\friendlyeats-web\\\\functions\\\\node_modules\\\\firebase-functions\\\\lib\\\\index.js\"}"}}
[debug] [2021-10-14T06:02:22.312Z] [runtime-status] [8804] Checked functions.config() {"config":{}} {"metadata":{"emulator":{"name":"functions"},"message":"[runtime-status] [8804] Checked functions.config() {\"config\":{}}"}}
[debug] [2021-10-14T06:02:22.312Z] [runtime-status] [8804] firebase-functions has been stubbed. {"functionsResolution":{"declared":true,"installed":true,"version":"3.15.7","resolution":"C:\\Users\\trevo\\Documents\\GitHub\\firebaseui-web-react\\dist\\friendlyeats-web\\functions\\node_modules\\firebase-functions\\lib\\index.js"}} {"metadata":{"emulator":{"name":"functions"},"message":"[runtime-status] [8804] firebase-functions has been stubbed. {\"functionsResolution\":{\"declared\":true,\"installed\":true,\"version\":\"3.15.7\",\"resolution\":\"C:\\\\Users\\\\trevo\\\\Documents\\\\GitHub\\\\firebaseui-web-react\\\\dist\\\\friendlyeats-web\\\\functions\\\\node_modules\\\\firebase-functions\\\\lib\\\\index.js\"}}"}}
[debug] [2021-10-14T06:02:22.313Z] [runtime-status] [8804] Resolved module firebase-functions {"declared":true,"installed":true,"version":"3.15.7","resolution":"C:\\Users\\trevo\\Documents\\GitHub\\firebaseui-web-react\\dist\\friendlyeats-web\\functions\\node_modules\\firebase-functions\\lib\\index.js"} {"metadata":{"emulator":{"name":"functions"},"message":"[runtime-status] [8804] Resolved module firebase-functions {\"declared\":true,\"installed\":true,\"version\":\"3.15.7\",\"resolution\":\"C:\\\\Users\\\\trevo\\\\Documents\\\\GitHub\\\\firebaseui-web-react\\\\dist\\\\friendlyeats-web\\\\functions\\\\node_modules\\\\firebase-functions\\\\lib\\\\index.js\"}"}}
[debug] [2021-10-14T06:02:22.313Z] [runtime-status] [8804] Resolved module firebase-admin {"declared":true,"installed":true,"version":"9.12.0","resolution":"C:\\Users\\trevo\\Documents\\GitHub\\firebaseui-web-react\\dist\\friendlyeats-web\\functions\\node_modules\\firebase-admin\\lib\\index.js"} {"metadata":{"emulator":{"name":"functions"},"message":"[runtime-status] [8804] Resolved module firebase-admin {\"declared\":true,\"installed\":true,\"version\":\"9.12.0\",\"resolution\":\"C:\\\\Users\\\\trevo\\\\Documents\\\\GitHub\\\\firebaseui-web-react\\\\dist\\\\friendlyeats-web\\\\functions\\\\node_modules\\\\firebase-admin\\\\lib\\\\index.js\"}"}}
[debug] [2021-10-14T06:02:22.314Z] [runtime-status] [8804] Resolved module firebase-functions {"declared":true,"installed":true,"version":"3.15.7","resolution":"C:\\Users\\trevo\\Documents\\GitHub\\firebaseui-web-react\\dist\\friendlyeats-web\\functions\\node_modules\\firebase-functions\\lib\\index.js"} {"metadata":{"emulator":{"name":"functions"},"message":"[runtime-status] [8804] Resolved module firebase-functions {\"declared\":true,\"installed\":true,\"version\":\"3.15.7\",\"resolution\":\"C:\\\\Users\\\\trevo\\\\Documents\\\\GitHub\\\\firebaseui-web-react\\\\dist\\\\friendlyeats-web\\\\functions\\\\node_modules\\\\firebase-functions\\\\lib\\\\index.js\"}"}}
[debug] [2021-10-14T06:02:22.314Z] [runtime-status] [8804] firebase-admin has been stubbed. {"adminResolution":{"declared":true,"installed":true,"version":"9.12.0","resolution":"C:\\Users\\trevo\\Documents\\GitHub\\firebaseui-web-react\\dist\\friendlyeats-web\\functions\\node_modules\\firebase-admin\\lib\\index.js"}} {"metadata":{"emulator":{"name":"functions"},"message":"[runtime-status] [8804] firebase-admin has been stubbed. {\"adminResolution\":{\"declared\":true,\"installed\":true,\"version\":\"9.12.0\",\"resolution\":\"C:\\\\Users\\\\trevo\\\\Documents\\\\GitHub\\\\firebaseui-web-react\\\\dist\\\\friendlyeats-web\\\\functions\\\\node_modules\\\\firebase-admin\\\\lib\\\\index.js\"}}"}}
[warn] !  C:\Users\trevo\Documents\GitHub\firebaseui-web-react\dist\friendlyeats-web\functions\index.js:10
import { getDatabase, connectDatabaseEmulator } from "firebase/database";
^^^^^^

SyntaxError: Cannot use import statement outside a module
    at wrapSafe (internal/modules/cjs/loader.js:988:16)
    at Module._compile (internal/modules/cjs/loader.js:1036:27)
    at Object.Module._extensions..js (internal/modules/cjs/loader.js:1101:10)
    at Module.load (internal/modules/cjs/loader.js:937:32)
    at Function.Module._load (internal/modules/cjs/loader.js:778:12)
    at Module.require (internal/modules/cjs/loader.js:961:19)
    at require (internal/modules/cjs/helpers.js:92:18)
    at initializeRuntime (C:\Users\trevo\AppData\Roaming\npm\node_modules\firebase-tools\lib\emulator\functionsEmulatorRuntime.js:640:29)
    at processTicksAndRejections (internal/process/task_queues.js:95:5)
    at async handleMessage (C:\Users\trevo\AppData\Roaming\npm\node_modules\firebase-tools\lib\emulator\functionsEmulatorRuntime.js:684:20) {"metadata":{"emulator":{"name":"functions"},"message":"C:\\Users\\trevo\\Documents\\GitHub\\firebaseui-web-react\\dist\\friendlyeats-web\\functions\\index.js:10\nimport { getDatabase, connectDatabaseEmulator } from \"firebase/database\";\n^^^^^^\n\nSyntaxError: Cannot use import statement outside a module\n    at wrapSafe (internal/modules/cjs/loader.js:988:16)\n    at Module._compile (internal/modules/cjs/loader.js:1036:27)\n    at Object.Module._extensions..js (internal/modules/cjs/loader.js:1101:10)\n    at Module.load (internal/modules/cjs/loader.js:937:32)\n    at Function.Module._load (internal/modules/cjs/loader.js:778:12)\n    at Module.require (internal/modules/cjs/loader.js:961:19)\n    at require (internal/modules/cjs/helpers.js:92:18)\n    at initializeRuntime (C:\\Users\\trevo\\AppData\\Roaming\\npm\\node_modules\\firebase-tools\\lib\\emulator\\functionsEmulatorRuntime.js:640:29)\n    at processTicksAndRejections (internal/process/task_queues.js:95:5)\n    at async handleMessage (C:\\Users\\trevo\\AppData\\Roaming\\npm\\node_modules\\firebase-tools\\lib\\emulator\\functionsEmulatorRuntime.js:684:20)"}}
[warn] !  We were unable to load your functions code. (see above) {"metadata":{"emulator":{"name":"functions"}}}
[debug] [2021-10-14T06:02:22.341Z] [worker-~diagnostic~-b18f851b-8ca1-4ae4-b923-f5092221961c]: exited {"metadata":{"emulator":{"name":"functions"},"message":"[worker-~diagnostic~-b18f851b-8ca1-4ae4-b923-f5092221961c]: exited"}}
[debug] [2021-10-14T06:02:22.341Z] [worker-~diagnostic~-b18f851b-8ca1-4ae4-b923-f5092221961c]: FINISHED {"metadata":{"emulator":{"name":"functions"},"message":"[worker-~diagnostic~-b18f851b-8ca1-4ae4-b923-f5092221961c]: FINISHED"}}
[info] i  hosting: 127.0.0.1 - - [14/Oct/2021:06:02:32 +0000] "GET / HTTP/1.1" 404 139 "-" "Mozilla/5.0 (Windows NT 10.0; Win64; x64) AppleWebKit/537.36 (KHTML, like Gecko) Chrome/94.0.4606.81 Safari/537.36" {"metadata":{"emulator":{"name":"hosting"},"message":"127.0.0.1 - - [14/Oct/2021:06:02:32 +0000] \"GET / HTTP/1.1\" 404 139 \"-\" \"Mozilla/5.0 (Windows NT 10.0; Win64; x64) AppleWebKit/537.36 (KHTML, like Gecko) Chrome/94.0.4606.81 Safari/537.36\""}}
